Arguments: 
  C:\Program Files\nodejs\node.exe C:\Users\Admin\AppData\Roaming\npm\node_modules\yarn\bin\yarn.js add loki --dev

PATH: 
  D:\Work\_React Course\empty\node_modules\.bin;C:\Program Files\Common Files\Oracle\Java\javapath;C:\Program Files (x86)\Common Files\Oracle\Java\javapath;C:\Windows\system32;C:\Windows;C:\Windows\System32\Wbem;C:\Windows\System32\WindowsPowerShell\v1.0\;C:\Windows\System32\OpenSSH\;C:\Program Files (x86)\NVIDIA Corporation\PhysX\Common;C:\Program Files\NVIDIA Corporation\NVIDIA NvDLISR;C:\Program Files\nodejs\;C:\Program Files\Docker\Docker\resources\bin;C:\ProgramData\DockerDesktop\version-bin;C:\Program Files\Git\cmd;C:\Program Files\PuTTY\;C:\Program Files\dotnet\;C:\Users\Admin\AppData\Local\Programs\Python\Python310\Scripts\;C:\Users\Admin\AppData\Local\Programs\Python\Python310\;C:\Users\Admin\AppData\Local\Microsoft\WindowsApps;C:\Users\Admin\AppData\Roaming\npm;C:\Python27;C:\Python26\Scripts;

Yarn version: 
  1.22.17

Node version: 
  16.14.0

Platform: 
  win32 x64

Trace: 
  Error: EPERM: operation not permitted, unlink 'D:\Work\_React Course\empty\node_modules\@esbuild\win32-x64\esbuild.exe'

npm manifest: 
  {
    "name": "empty",
    "version": "1.0.0",
    "description": "",
    "main": "index.js",
    "scripts": {
      "start": "webpack serve --port 3000",
      "build": "NODE_ENV=production webpack",
      "storybook": "storybook dev -p 6006",
      "build-storybook": "storybook build"
    },
    "author": "",
    "license": "ISC",
    "devDependencies": {
      "@babel/preset-env": "^7.21.5",
      "@babel/preset-react": "^7.18.6",
      "@babel/preset-typescript": "^7.21.5",
      "@storybook/addon-essentials": "^7.0.8",
      "@storybook/addon-interactions": "^7.0.8",
      "@storybook/addon-links": "^7.0.8",
      "@storybook/blocks": "^7.0.8",
      "@storybook/react": "^7.0.8",
      "@storybook/react-webpack5": "^7.0.8",
      "@storybook/testing-library": "^0.0.14-next.2",
      "@testing-library/jest-dom": "^5.16.5",
      "@testing-library/react": "^14.0.0",
      "@types/jest": "25.1.4",
      "@types/react": "^18.2.5",
      "@types/react-dom": "^18.2.3",
      "babel-jest": "29.5.0",
      "css-loader": "^6.7.3",
      "html-webpack-plugin": "^5.5.1",
      "identity-obj-proxy": "^3.0.0",
      "jest": "^29.5.0",
      "jest-environment-jsdom": "^29.5.0",
      "mini-css-extract-plugin": "^2.7.5",
      "storybook": "^7.0.8",
      "ts-jest": "^29.1.0",
      "ts-loader": "^9.4.2",
      "typescript": "^5.0.4",
      "webpack": "^5.82.0",
      "webpack-cli": "^5.0.2",
      "webpack-dev-server": "^4.13.3"
    },
    "dependencies": {
      "react": "^18.2.0",
      "react-dom": "^18.2.0"
    }
  }

yarn manifest: 
  No manifest

Lockfile: 
  No lockfile
